\BOOKMARK [1][-]{section.1}{Introduction}{}% 1
\BOOKMARK [2][-]{subsection.1.1}{Aims and Methods}{section.1}% 2
\BOOKMARK [2][-]{subsection.1.2}{Possible Applications and Reasons for Investigation}{section.1}% 3
\BOOKMARK [1][-]{section.2}{Relation of the \040tensor to the exchange integral J}{}% 4
\BOOKMARK [1][-]{section.3}{Computing the magnetic exchange term from nuclei displacement}{}% 5
\BOOKMARK [2][-]{subsection.3.1}{The Simulation Environment}{section.3}% 6
\BOOKMARK [1][-]{section.4}{Prerequisite Theories}{}% 7
\BOOKMARK [2][-]{subsection.4.1}{Many-Body Schr\366dinger equation}{section.4}% 8
\BOOKMARK [2][-]{subsection.4.2}{Hartree-Fock Theory}{section.4}% 9
\BOOKMARK [3][-]{subsubsection.4.2.1}{Hartree Fock Equations}{subsection.4.2}% 10
\BOOKMARK [2][-]{subsection.4.3}{Why and when to use DFT}{section.4}% 11
\BOOKMARK [2][-]{subsection.4.4}{Accurately Employing Wavefunction Correlated Methods \(WCMs\)}{section.4}% 12
\BOOKMARK [2][-]{subsection.4.5}{Modifications of the Standard WCMs and Effective Hamiltonian Criteria}{section.4}% 13
\BOOKMARK [1][-]{section.5}{Calculation of the Displacement with CRYSTAL}{}% 14
\BOOKMARK [1][-]{section.6}{Solving the displacement equation}{}% 15
\BOOKMARK [2][-]{subsection.6.1}{Generating the atomic displacements}{section.6}% 16
\BOOKMARK [2][-]{subsection.6.2}{Details of Script Mechanisms}{section.6}% 17
\BOOKMARK [3][-]{subsubsection.6.2.1}{Conversion derivations}{subsection.6.2}% 18
\BOOKMARK [2][-]{subsection.6.3}{The Cell File}{section.6}% 19
\BOOKMARK [1][-]{section.7}{Processing Env output into Seward}{}% 20
\BOOKMARK [1][-]{section.8}{Linking CRYSTAL output, Disp\137Solve, Env15 and Env2Seward}{}% 21
\BOOKMARK [1][-]{section.9}{Author and Permissions}{}% 22
\BOOKMARK [1][-]{section.10}{Disp\137solve}{}% 23
\BOOKMARK [2][-]{subsection.10.1}{What is Disp\137solve?}{section.10}% 24
\BOOKMARK [2][-]{subsection.10.2}{How to Use Disp\137solve}{section.10}% 25
\BOOKMARK [3][-]{subsubsection.10.2.1}{Installing python 3 and necessary modules}{subsection.10.2}% 26
\BOOKMARK [3][-]{subsubsection.10.2.2}{Required Files}{subsection.10.2}% 27
\BOOKMARK [3][-]{subsubsection.10.2.3}{Executing the Script and Input File Format}{subsection.10.2}% 28
\BOOKMARK [3][-]{subsubsection.10.2.4}{Output files}{subsection.10.2}% 29
\BOOKMARK [1][-]{section.11}{Env2Seward}{}% 30
\BOOKMARK [2][-]{subsection.11.1}{Introduction}{section.11}% 31
\BOOKMARK [2][-]{subsection.11.2}{Inputs Files and Data}{section.11}% 32
\BOOKMARK [2][-]{subsection.11.3}{Installing Python}{section.11}% 33
\BOOKMARK [2][-]{subsection.11.4}{Input Options}{section.11}% 34
\BOOKMARK [3][-]{subsubsection.11.4.1}{Command Prompt Input}{subsection.11.4}% 35
\BOOKMARK [3][-]{subsubsection.11.4.2}{Reading Filenames, Basis Sets and Libraries from an Input File}{subsection.11.4}% 36
\BOOKMARK [3][-]{subsubsection.11.4.3}{Jupyter Notebook Version}{subsection.11.4}% 37
\BOOKMARK [1][-]{section.12}{Crys2Seward}{}% 38
\BOOKMARK [2][-]{subsection.12.1}{Installing python 3}{section.12}% 39
\BOOKMARK [2][-]{subsection.12.2}{Correct packages}{section.12}% 40
\BOOKMARK [2][-]{subsection.12.3}{Input files}{section.12}% 41
\BOOKMARK [2][-]{subsection.12.4}{Executing the script}{section.12}% 42
\BOOKMARK [3][-]{subsubsection.12.4.1}{Rules for c2s.in:}{subsection.12.4}% 43
\BOOKMARK [2][-]{subsection.12.5}{Output}{section.12}% 44
